0 info it worked if it ends with ok
1 verbose cli [ 'c:\\Program Files\\nodejs\\node.exe',
1 verbose cli   'c:\\Program Files\\nodejs\\node_modules\\npm\\bin\\npm-cli.js',
1 verbose cli   'uninstall',
1 verbose cli   'karma-jasmine',
1 verbose cli   '--save-dev' ]
2 info using npm@1.4.28
3 info using node@v0.10.33
4 verbose node_modules\karma-jasmine unbuild
5 info preuninstall karma-jasmine@0.3.5
6 info uninstall karma-jasmine@0.3.5
7 verbose true,D:\Coding\APPS\code\angular-fullstack\node_modules,D:\Coding\APPS\code\angular-fullstack\node_modules unbuild karma-jasmine@0.3.5
8 info postuninstall karma-jasmine@0.3.5
9 error Error: EBUSY, unlink 'D:\Coding\APPS\code\angular-fullstack\node_modules\karma-jasmine'
10 error If you need help, you may report this *entire* log,
10 error including the npm and node versions, at:
10 error     <http://github.com/npm/npm/issues>
11 error System Windows_NT 6.1.7601
12 error command "c:\\Program Files\\nodejs\\node.exe" "c:\\Program Files\\nodejs\\node_modules\\npm\\bin\\npm-cli.js" "uninstall" "karma-jasmine" "--save-dev"
13 error cwd D:\Coding\APPS\code\angular-fullstack
14 error node -v v0.10.33
15 error npm -v 1.4.28
16 error path D:\Coding\APPS\code\angular-fullstack\node_modules\karma-jasmine
17 error code EBUSY
18 error errno 10
19 verbose exit [ 10, true ]
